<?xml version="1.0" encoding="UTF-8"?>
<robot generator="Robot 3.2.2 (Python 3.9.5 on win32)" generated="20210713 09:48:00.108" rpa="false">
<suite id="s1" name="Hoeitworkstest" source="D:\RobinAutopilot\Tests\hoeitworkstest.robot">
<test id="s1-t1" name="Header">
<kw name="Begin Web Test" library="howitresources">
<kw name="Open Browser" library="Selenium2Library">
<doc>Opens a new browser instance to the optional ``url``.</doc>
<arguments>
<arg>${autopilot_url}</arg>
<arg>Firefox</arg>
</arguments>
<msg timestamp="20210713 09:48:00.762" level="INFO">Opening browser 'Firefox' to base url 'http://staging.robinautopilot.com/'.</msg>
<msg timestamp="20210713 09:48:00.762" level="INFO">Firefox driver log is always forced to to: D:\RobinAutopilot\geckodriver-3.log</msg>
<status status="PASS" starttime="20210713 09:48:00.762" endtime="20210713 09:48:13.108"></status>
</kw>
<kw name="Maximize Browser Window" library="Selenium2Library">
<doc>Maximizes current browser window.</doc>
<status status="PASS" starttime="20210713 09:48:13.123" endtime="20210713 09:48:13.396"></status>
</kw>
<status status="PASS" starttime="20210713 09:48:00.762" endtime="20210713 09:48:13.396"></status>
</kw>
<kw name="Header How it work" library="howitresources">
<kw name="Click Element" library="Selenium2Library">
<doc>Click the element identified by ``locator``.</doc>
<arguments>
<arg>${howitworks}</arg>
</arguments>
<msg timestamp="20210713 09:48:13.403" level="INFO">Clicking element '//A[@class='nav-link normal '][text()='How it Works']'.</msg>
<status status="PASS" starttime="20210713 09:48:13.396" endtime="20210713 09:48:14.366"></status>
</kw>
<kw name="Element Should Be Visible" library="Selenium2Library">
<doc>Verifies that the element identified by ``locator`` is visible.</doc>
<arguments>
<arg>${Husqvarnatitle}</arg>
</arguments>
<msg timestamp="20210713 09:48:14.445" level="INFO">Element '//H1[@class='title display-2 shadowed nobottom'][text()='Finally, something that’s easier done than said.']' is displayed.</msg>
<status status="PASS" starttime="20210713 09:48:14.366" endtime="20210713 09:48:14.454"></status>
</kw>
<status status="PASS" starttime="20210713 09:48:13.396" endtime="20210713 09:48:14.454"></status>
</kw>
<doc>Header test</doc>
<status status="PASS" starttime="20210713 09:48:00.759" endtime="20210713 09:48:14.454" critical="yes"></status>
</test>
<doc>How it Works</doc>
<status status="PASS" starttime="20210713 09:48:00.108" endtime="20210713 09:48:14.456"></status>
</suite>
<statistics>
<total>
<stat pass="1" fail="0">Critical Tests</stat>
<stat pass="1" fail="0">All Tests</stat>
</total>
<tag>
</tag>
<suite>
<stat pass="1" fail="0" id="s1" name="Hoeitworkstest">Hoeitworkstest</stat>
</suite>
</statistics>
<errors>
</errors>
</robot>
