<?xml version="1.0" encoding="UTF-8"?>
<robot generator="Robot 3.2.2 (Python 3.9.5 on win32)" generated="20210721 12:06:28.043" rpa="false">
<suite id="s1" name="Hoeitworkstest" source="D:\RobinAutopilot\Autopilotautomation\Tests\hoeitworkstest.robot">
<test id="s1-t1" name="Header How it work">
<kw name="Begin Web Test" library="howitresources">
<kw name="Open Browser" library="Selenium2Library">
<doc>Opens a new browser instance to the optional ``url``.</doc>
<arguments>
<arg>${autopilot_url}</arg>
<arg>Firefox</arg>
</arguments>
<msg timestamp="20210721 12:06:28.723" level="INFO">Opening browser 'Firefox' to base url 'http://staging.robinautopilot.com/'.</msg>
<msg timestamp="20210721 12:06:28.731" level="INFO">Firefox driver log is always forced to to: D:\RobinAutopilot\Autopilotautomation\geckodriver-31.log</msg>
<status status="PASS" starttime="20210721 12:06:28.723" endtime="20210721 12:06:41.244"></status>
</kw>
<kw name="Maximize Browser Window" library="Selenium2Library">
<doc>Maximizes current browser window.</doc>
<status status="PASS" starttime="20210721 12:06:41.245" endtime="20210721 12:06:41.515"></status>
</kw>
<status status="PASS" starttime="20210721 12:06:28.723" endtime="20210721 12:06:41.516"></status>
</kw>
<kw name="Header How it work" library="howitresources">
<kw name="Click Element" library="Selenium2Library">
<doc>Click the element identified by ``locator``.</doc>
<arguments>
<arg>${howitworks}</arg>
</arguments>
<msg timestamp="20210721 12:06:41.519" level="INFO">Clicking element '//A[@class='nav-link normal '][text()='How it Works']'.</msg>
<status status="PASS" starttime="20210721 12:06:41.518" endtime="20210721 12:06:42.348"></status>
</kw>
<kw name="Element Should Be Visible" library="Selenium2Library">
<doc>Verifies that the element identified by ``locator`` is visible.</doc>
<arguments>
<arg>${Husqvarnatitle}</arg>
</arguments>
<msg timestamp="20210721 12:06:42.442" level="INFO">Element '//H1[@class='title display-2 shadowed nobottom'][text()='Finally, something that’s easier done than said.']' is displayed.</msg>
<status status="PASS" starttime="20210721 12:06:42.348" endtime="20210721 12:06:42.442"></status>
</kw>
<status status="PASS" starttime="20210721 12:06:41.517" endtime="20210721 12:06:42.442"></status>
</kw>
<status status="PASS" starttime="20210721 12:06:28.723" endtime="20210721 12:06:42.442" critical="yes"></status>
</test>
<test id="s1-t2" name="Enter your address">
<kw name="Enter addres" library="howitresources">
<kw name="Click Element" library="Selenium2Library">
<doc>Click the element identified by ``locator``.</doc>
<arguments>
<arg>${enterAddres}</arg>
</arguments>
<msg timestamp="20210721 12:06:42.451" level="INFO">Clicking element '//STRONG[text()='enter your address.']'.</msg>
<status status="PASS" starttime="20210721 12:06:42.451" endtime="20210721 12:06:42.756"></status>
</kw>
<kw name="Element Should Be Visible" library="Selenium2Library">
<doc>Verifies that the element identified by ``locator`` is visible.</doc>
<arguments>
<arg>${captcha}</arg>
</arguments>
<msg timestamp="20210721 12:06:43.152" level="INFO">Element '//H2[@class='text-center normalbottom']' is displayed.</msg>
<status status="PASS" starttime="20210721 12:06:42.756" endtime="20210721 12:06:43.152"></status>
</kw>
<kw name="Click Element" library="Selenium2Library">
<doc>Click the element identified by ``locator``.</doc>
<arguments>
<arg>${cancel}</arg>
</arguments>
<msg timestamp="20210721 12:06:43.152" level="INFO">Clicking element '//I[@class='fas fa-times']'.</msg>
<status status="PASS" starttime="20210721 12:06:43.152" endtime="20210721 12:06:43.568"></status>
</kw>
<status status="PASS" starttime="20210721 12:06:42.451" endtime="20210721 12:06:43.568"></status>
</kw>
<status status="PASS" starttime="20210721 12:06:42.451" endtime="20210721 12:06:43.568" critical="yes"></status>
</test>
<test id="s1-t3" name="Choose a service">
<kw name="Chooce service" library="howitresources">
<kw name="Execute Javascript" library="Selenium2Library">
<doc>Executes the given JavaScript code with possible arguments.</doc>
<arguments>
<arg>window.scrollBy(0,300)</arg>
</arguments>
<msg timestamp="20210721 12:06:43.568" level="INFO">Executing JavaScript:
window.scrollBy(0,300)
Without any arguments.</msg>
<status status="PASS" starttime="20210721 12:06:43.568" endtime="20210721 12:06:43.608"></status>
</kw>
<kw name="Element Should Be Visible" library="Selenium2Library">
<doc>Verifies that the element identified by ``locator`` is visible.</doc>
<arguments>
<arg>${choseservice}</arg>
</arguments>
<msg timestamp="20210721 12:06:43.740" level="INFO">Element '//H3[@class='card-title text-center nobottom'][text()=' Choose a service ']' is displayed.</msg>
<status status="PASS" starttime="20210721 12:06:43.608" endtime="20210721 12:06:43.740"></status>
</kw>
<status status="PASS" starttime="20210721 12:06:43.568" endtime="20210721 12:06:43.740"></status>
</kw>
<status status="PASS" starttime="20210721 12:06:43.568" endtime="20210721 12:06:43.740" critical="yes"></status>
</test>
<doc>How IT</doc>
<status status="PASS" starttime="20210721 12:06:28.046" endtime="20210721 12:06:43.740"></status>
</suite>
<statistics>
<total>
<stat pass="3" fail="0">Critical Tests</stat>
<stat pass="3" fail="0">All Tests</stat>
</total>
<tag>
</tag>
<suite>
<stat pass="3" fail="0" id="s1" name="Hoeitworkstest">Hoeitworkstest</stat>
</suite>
</statistics>
<errors>
</errors>
</robot>
